[2022-01-24T18:21:01.978] [DEBUG] cheese - login => username:admin,password:123456
[2022-01-24T18:21:01.980] [DEBUG] cheese - admin
[2022-01-24T18:21:01.994] [DEBUG] cheese - null
[2022-01-24T18:21:01.994] [DEBUG] cheese - null
[2022-01-24T18:23:11.297] [DEBUG] cheese - login => username:admin,password:123456
[2022-01-24T18:23:11.298] [DEBUG] cheese - admin
[2022-01-24T18:23:11.306] [DEBUG] cheese - null
[2022-01-24T18:23:11.307] [DEBUG] cheese - null
[2022-01-24T18:56:33.579] [DEBUG] cheese - login => username:admin,password:123456
[2022-01-24T18:56:33.579] [DEBUG] cheese - admin
[2022-01-24T18:56:33.585] [DEBUG] cheese - null
[2022-01-24T18:56:33.585] [DEBUG] cheese - null
[2022-01-24T19:00:47.461] [DEBUG] cheese - login => username:admin,password:123456
[2022-01-24T19:00:47.461] [DEBUG] cheese - admin
[2022-01-24T19:00:47.465] [DEBUG] cheese - null
[2022-01-24T19:00:47.465] [DEBUG] cheese - null
[2022-01-24T23:30:00.780] [DEBUG] cheese - login => username:admin,password:123456
[2022-01-24T23:30:00.781] [DEBUG] cheese - admin
[2022-01-24T23:30:00.790] [DEBUG] cheese - null
[2022-01-24T23:30:00.790] [DEBUG] cheese - null
[2022-01-24T23:35:37.295] [DEBUG] cheese - login => username:admin,password:123456
[2022-01-24T23:35:37.295] [DEBUG] cheese - admin
[2022-01-24T23:35:37.299] [DEBUG] cheese - null
[2022-01-24T23:35:37.300] [DEBUG] cheese - null
[2022-01-25T00:04:48.768] [DEBUG] cheese - login => username:admin,password:123456
[2022-01-25T00:04:48.768] [DEBUG] cheese - admin
[2022-01-25T00:04:48.773] [DEBUG] cheese - null
[2022-01-25T00:04:48.773] [DEBUG] cheese - null
[2022-01-25T00:05:59.415] [DEBUG] cheese - login => username:admin,password:123456
[2022-01-25T00:05:59.415] [DEBUG] cheese - admin
[2022-01-25T00:05:59.419] [DEBUG] cheese - null
[2022-01-25T00:05:59.419] [DEBUG] cheese - null
[2022-01-25T00:06:19.434] [DEBUG] cheese - login => username:admin,password:123456
[2022-01-25T00:06:19.435] [DEBUG] cheese - admin
[2022-01-25T00:06:19.438] [DEBUG] cheese - null
[2022-01-25T00:06:19.438] [DEBUG] cheese - null
[2022-01-25T11:24:43.458] [DEBUG] cheese - login => username:admin,password:123456
[2022-01-25T11:24:43.458] [DEBUG] cheese - admin
[2022-01-25T11:24:43.460] [DEBUG] cheese - null
[2022-01-25T11:24:43.460] [DEBUG] cheese - null
[2022-01-25T11:31:12.057] [DEBUG] cheese - login => username:admin,password:123456
[2022-01-25T11:31:12.058] [DEBUG] cheese - admin
[2022-01-25T11:31:12.063] [DEBUG] cheese - null
[2022-01-25T11:31:12.063] [DEBUG] cheese - null
[2022-01-25T11:31:39.019] [DEBUG] cheese - login => username:admin,password:123456
[2022-01-25T11:31:39.019] [DEBUG] cheese - admin
[2022-01-25T11:31:39.021] [DEBUG] cheese - null
[2022-01-25T11:31:39.021] [DEBUG] cheese - null
[2022-01-25T11:35:31.622] [DEBUG] cheese - login => username:admin,password:123456
[2022-01-25T11:35:31.622] [DEBUG] cheese - admin
[2022-01-25T11:35:31.626] [DEBUG] cheese - null
[2022-01-25T11:35:31.626] [DEBUG] cheese - null
[2022-01-25T11:36:33.347] [DEBUG] cheese - login => username:admin,password:123456
[2022-01-25T11:36:33.347] [DEBUG] cheese - admin
[2022-01-25T11:36:33.350] [DEBUG] cheese - null
[2022-01-25T11:36:33.350] [DEBUG] cheese - null
[2022-01-25T11:47:29.330] [DEBUG] cheese - login => username:admin,password:123456
[2022-01-25T11:47:29.330] [DEBUG] cheese - admin
[2022-01-25T11:47:29.335] [DEBUG] cheese - null
[2022-01-25T11:47:29.335] [DEBUG] cheese - null
[2022-01-25T11:48:03.305] [DEBUG] cheese - login => username:admin,password:123456
[2022-01-25T11:48:03.305] [DEBUG] cheese - admin
[2022-01-25T11:48:03.309] [DEBUG] cheese - null
[2022-01-25T11:48:03.309] [DEBUG] cheese - null
[2022-01-25T12:23:00.629] [DEBUG] cheese - login => username:admin,password:123456
[2022-01-25T12:23:00.629] [DEBUG] cheese - admin
[2022-01-25T12:23:00.633] [DEBUG] cheese - null
[2022-01-25T12:23:00.634] [DEBUG] cheese - null
[2022-01-25T12:23:07.399] [DEBUG] cheese - login => username:admin,password:123456
[2022-01-25T12:23:07.400] [DEBUG] cheese - admin
[2022-01-25T12:23:07.404] [DEBUG] cheese - null
[2022-01-25T12:23:07.404] [DEBUG] cheese - null
[2022-01-25T12:53:52.263] [DEBUG] cheese - login => username:admin,password:123456
[2022-01-25T12:53:52.263] [DEBUG] cheese - admin
[2022-01-25T12:53:52.267] [DEBUG] cheese - null
[2022-01-25T12:53:52.267] [DEBUG] cheese - null
[2022-01-25T13:03:12.723] [DEBUG] cheese - login => username:admin,password:123456
[2022-01-25T13:03:12.723] [DEBUG] cheese - admin
[2022-01-25T13:03:12.727] [DEBUG] cheese - null
[2022-01-25T13:03:12.727] [DEBUG] cheese - null
[2022-01-25T13:05:35.758] [DEBUG] cheese - login => username:admin,password:123456
[2022-01-25T13:05:35.758] [DEBUG] cheese - admin
[2022-01-25T13:05:35.763] [DEBUG] cheese - null
[2022-01-25T13:05:35.764] [DEBUG] cheese - null
[2022-01-25T15:38:59.035] [DEBUG] cheese - login => username:admin,password:123456
[2022-01-25T15:38:59.036] [DEBUG] cheese - admin
[2022-01-25T15:38:59.039] [DEBUG] cheese - null
[2022-01-25T15:38:59.040] [DEBUG] cheese - null
[2022-01-25T15:46:38.023] [DEBUG] cheese - login => username:admin,password:123456
[2022-01-25T15:46:38.024] [DEBUG] cheese - admin
[2022-01-25T15:46:38.028] [DEBUG] cheese - null
[2022-01-25T15:46:38.028] [DEBUG] cheese - null
[2022-01-25T15:49:29.113] [DEBUG] cheese - login => username:admin,password:123456
[2022-01-25T15:49:29.113] [DEBUG] cheese - admin
[2022-01-25T15:49:29.116] [DEBUG] cheese - null
[2022-01-25T15:49:29.117] [DEBUG] cheese - null
[2022-01-25T15:55:19.060] [DEBUG] cheese - login => username:admin,password:123456
[2022-01-25T15:55:19.061] [DEBUG] cheese - admin
[2022-01-25T15:55:19.065] [DEBUG] cheese - null
[2022-01-25T15:55:19.065] [DEBUG] cheese - null
[2022-01-25T16:28:52.971] [DEBUG] cheese - login => username:admin,password:123456
[2022-01-25T16:28:52.971] [DEBUG] cheese - admin
[2022-01-25T16:28:52.973] [DEBUG] cheese - null
[2022-01-25T16:28:52.974] [DEBUG] cheese - null
[2022-01-25T17:57:14.809] [DEBUG] cheese - login => username:admin,password:123456
[2022-01-25T17:57:14.809] [DEBUG] cheese - admin
[2022-01-25T17:57:14.812] [DEBUG] cheese - null
[2022-01-25T17:57:14.812] [DEBUG] cheese - null
[2022-01-26T12:03:25.664] [DEBUG] cheese - null
[2022-01-26T12:03:55.871] [DEBUG] cheese - null
[2022-01-26T12:04:05.687] [DEBUG] cheese - null
[2022-01-26T12:04:59.751] [DEBUG] cheese - null
[2022-01-26T12:05:41.349] [DEBUG] cheese - null
[2022-01-26T12:05:55.134] [DEBUG] cheese - null
[2022-01-26T12:06:19.763] [DEBUG] cheese - null
[2022-01-26T12:06:35.037] [DEBUG] cheese - null
[2022-01-26T12:06:45.629] [DEBUG] cheese - null
[2022-01-26T12:07:06.430] [DEBUG] cheese - null
[2022-01-26T13:34:52.994] [DEBUG] cheese - login => username:admin,password:123456
[2022-01-26T13:34:52.994] [DEBUG] cheese - admin
[2022-01-26T13:34:53.001] [DEBUG] cheese - null
[2022-01-26T13:34:53.001] [DEBUG] cheese - null
[2022-01-26T18:02:32.720] [DEBUG] cheese - login => username:admin,password:123456
[2022-01-26T18:02:32.720] [DEBUG] cheese - admin
[2022-01-26T18:02:32.730] [DEBUG] cheese - null
[2022-01-26T18:02:32.731] [DEBUG] cheese - null
[2022-01-26T22:08:13.987] [DEBUG] cheese - login => username:admin,password:123456
[2022-01-26T22:08:13.987] [DEBUG] cheese - admin
[2022-01-26T22:08:13.996] [DEBUG] cheese - null
[2022-01-26T22:08:13.997] [DEBUG] cheese - null
[2022-01-27T13:53:00.654] [DEBUG] cheese - login => username:admin,password:123456
[2022-01-27T13:53:00.654] [DEBUG] cheese - admin
[2022-01-27T13:53:00.659] [DEBUG] cheese - null
[2022-01-27T13:53:00.659] [DEBUG] cheese - null
[2022-01-27T17:30:49.961] [DEBUG] cheese - null
[2022-01-27T17:36:28.395] [DEBUG] cheese - null
[2022-01-27T17:46:01.651] [DEBUG] cheese - null
[2022-01-27T17:58:57.029] [DEBUG] cheese - null
[2022-01-27T17:59:14.030] [DEBUG] cheese - null
[2022-01-27T18:01:46.132] [DEBUG] cheese - null
[2022-01-27T18:02:42.032] [DEBUG] cheese - null
[2022-01-27T18:03:42.519] [DEBUG] cheese - null
[2022-01-27T18:06:10.021] [DEBUG] cheese - null
[2022-01-27T18:10:54.748] [DEBUG] cheese - null
[2022-01-27T18:11:12.248] [DEBUG] cheese - null
[2022-01-27T18:11:12.468] [DEBUG] cheese - null
[2022-01-27T18:11:12.709] [DEBUG] cheese - null
[2022-01-27T18:11:13.140] [DEBUG] cheese - null
[2022-01-27T18:12:29.339] [DEBUG] cheese - null
[2022-01-27T18:15:19.016] [DEBUG] cheese - null
[2022-01-27T18:17:15.741] [DEBUG] cheese - null
[2022-01-27T18:20:25.063] [DEBUG] cheese - null
[2022-01-27T18:21:10.029] [DEBUG] cheese - null
[2022-01-27T18:21:31.565] [DEBUG] cheese - null
[2022-01-27T18:21:58.838] [DEBUG] cheese - null
[2022-01-27T18:22:32.005] [DEBUG] cheese - null
[2022-01-27T18:33:32.001] [DEBUG] cheese - null
[2022-01-27T18:35:13.101] [DEBUG] cheese - null
[2022-01-27T21:11:20.293] [DEBUG] cheese - null
[2022-01-27T21:12:44.018] [DEBUG] cheese - null
[2022-01-27T21:14:14.787] [DEBUG] cheese - null
[2022-01-27T21:14:51.759] [DEBUG] cheese - null
[2022-01-27T21:14:53.087] [DEBUG] cheese - null
[2022-01-27T21:15:23.492] [DEBUG] cheese - null
[2022-01-27T21:15:37.026] [DEBUG] cheese - null
[2022-01-27T21:15:37.851] [DEBUG] cheese - null
[2022-01-27T21:17:24.929] [DEBUG] cheese - null
[2022-01-27T21:17:25.766] [DEBUG] cheese - null
[2022-01-27T21:19:48.987] [DEBUG] cheese - null
[2022-01-27T21:19:49.812] [DEBUG] cheese - null
[2022-01-27T21:21:02.355] [DEBUG] cheese - null
[2022-01-27T21:21:23.493] [DEBUG] cheese - null
[2022-01-27T21:21:24.300] [DEBUG] cheese - null
[2022-01-27T21:24:24.822] [DEBUG] cheese - login => username:admin,password:123456
[2022-01-27T21:24:24.824] [DEBUG] cheese - admin
[2022-01-27T21:24:24.829] [DEBUG] cheese - null
[2022-01-27T21:24:24.830] [DEBUG] cheese - null
[2022-01-27T21:24:57.008] [DEBUG] cheese - null
[2022-01-27T21:24:58.075] [DEBUG] cheese - null
[2022-01-27T21:25:06.285] [DEBUG] cheese - null
[2022-01-27T21:25:07.113] [DEBUG] cheese - null
[2022-01-27T21:25:27.190] [DEBUG] cheese - null
[2022-01-27T21:25:28.007] [DEBUG] cheese - null
[2022-01-27T21:25:39.291] [DEBUG] cheese - null
[2022-01-27T21:25:40.094] [DEBUG] cheese - null
[2022-01-27T21:27:44.120] [DEBUG] cheese - null
[2022-01-27T21:27:45.185] [DEBUG] cheese - null
[2022-01-27T21:28:35.250] [DEBUG] cheese - null
[2022-01-27T21:30:22.722] [DEBUG] cheese - null
[2022-01-27T21:31:41.715] [DEBUG] cheese - null
[2022-01-27T21:33:24.912] [DEBUG] cheese - null
[2022-01-27T21:35:47.363] [DEBUG] cheese - null
[2022-01-27T21:35:48.430] [DEBUG] cheese - null
[2022-01-27T21:35:54.648] [DEBUG] cheese - null
[2022-01-27T21:35:55.457] [DEBUG] cheese - null
[2022-01-27T21:36:30.520] [DEBUG] cheese - null
[2022-01-27T21:39:58.015] [DEBUG] cheese - null
[2022-01-27T21:41:27.853] [DEBUG] cheese - null
[2022-01-27T22:03:10.543] [DEBUG] cheese - null
[2022-01-27T22:03:33.856] [DEBUG] cheese - null
[2022-01-27T22:25:59.082] [DEBUG] cheese - null
[2022-01-27T22:26:09.951] [DEBUG] cheese - null
[2022-01-28T13:44:31.377] [DEBUG] cheese - null
[2022-01-28T13:44:45.082] [DEBUG] cheese - null
[2022-01-28T13:46:35.080] [DEBUG] cheese - null
[2022-01-28T14:02:59.236] [DEBUG] cheese - login => username:admin,password:123456
[2022-01-28T14:02:59.239] [DEBUG] cheese - admin
[2022-01-28T14:02:59.249] [DEBUG] cheese - null
[2022-01-28T14:02:59.250] [DEBUG] cheese - null
[2022-01-28T14:03:07.539] [DEBUG] cheese - login => username:admin,password:123456
[2022-01-28T14:03:07.540] [DEBUG] cheese - admin
[2022-01-28T14:03:07.552] [DEBUG] cheese - null
[2022-01-28T14:03:07.552] [DEBUG] cheese - null
[2022-01-29T14:27:33.973] [DEBUG] cheese - login => username:admin,password:123456
[2022-01-29T14:27:33.974] [DEBUG] cheese - admin
[2022-01-29T14:27:33.981] [DEBUG] cheese - null
[2022-01-29T14:27:33.983] [DEBUG] cheese - null
[2022-01-29T15:10:08.580] [DEBUG] cheese - login => username:admin,password:123456
[2022-01-29T15:10:08.580] [DEBUG] cheese - admin
[2022-01-29T15:10:08.582] [DEBUG] cheese - null
[2022-01-29T15:10:08.582] [DEBUG] cheese - null
[2022-02-23T11:48:15.539] [DEBUG] cheese - login => username:admin,password:123456
[2022-02-23T11:48:15.540] [DEBUG] cheese - admin
[2022-02-23T11:48:15.554] [DEBUG] cheese - null
[2022-02-23T11:48:15.554] [DEBUG] cheese - null
[2022-02-23T12:21:59.237] [DEBUG] cheese - login => username:admin,password:123456
[2022-02-23T12:21:59.238] [DEBUG] cheese - admin
[2022-02-23T12:21:59.241] [DEBUG] cheese - null
[2022-02-23T12:21:59.241] [DEBUG] cheese - null
[2022-02-23T12:22:37.005] [DEBUG] cheese - login => username:admin,password:123456
[2022-02-23T12:22:37.005] [DEBUG] cheese - admin
[2022-02-23T12:22:37.007] [DEBUG] cheese - null
[2022-02-23T12:22:37.007] [DEBUG] cheese - null
[2022-02-23T12:37:43.615] [DEBUG] cheese - login => username:admin,password:123456
[2022-02-23T12:37:43.616] [DEBUG] cheese - admin
[2022-02-23T12:37:43.620] [DEBUG] cheese - null
[2022-02-23T12:37:43.620] [DEBUG] cheese - null
[2022-02-23T14:03:46.134] [DEBUG] cheese - login => username:zhaowendao,password:111111
[2022-02-23T14:03:46.134] [DEBUG] cheese - zhaowendao
[2022-02-23T14:03:46.138] [DEBUG] cheese - null
[2022-02-23T14:03:46.139] [DEBUG] cheese - null
[2022-02-23T14:03:54.423] [DEBUG] cheese - login => username:zhaowendao,password:222222
[2022-02-23T14:03:54.424] [DEBUG] cheese - zhaowendao
[2022-02-23T14:03:54.426] [DEBUG] cheese - null
[2022-02-23T14:03:54.426] [DEBUG] cheese - null
[2022-02-23T14:04:07.111] [DEBUG] cheese - login => username:admin,password:123456
[2022-02-23T14:04:07.112] [DEBUG] cheese - admin
[2022-02-23T14:04:07.115] [DEBUG] cheese - null
[2022-02-23T14:04:07.116] [DEBUG] cheese - null
[2022-02-23T15:01:55.271] [DEBUG] cheese - null
[2022-02-23T15:27:50.067] [DEBUG] cheese - null
[2022-02-23T17:07:40.927] [DEBUG] cheese - login => username:admin,password:123456
[2022-02-23T17:07:40.928] [DEBUG] cheese - admin
[2022-02-23T17:07:40.931] [DEBUG] cheese - null
[2022-02-23T17:07:40.933] [DEBUG] cheese - null
[2022-02-23T17:08:15.865] [DEBUG] cheese - login => username:admin,password:123456
[2022-02-23T17:08:15.865] [DEBUG] cheese - admin
[2022-02-23T17:08:15.868] [DEBUG] cheese - null
[2022-02-23T17:08:15.868] [DEBUG] cheese - null
[2022-02-23T17:08:54.543] [DEBUG] cheese - login => username:admin,password:123456
[2022-02-23T17:08:54.543] [DEBUG] cheese - admin
[2022-02-23T17:08:54.546] [DEBUG] cheese - null
[2022-02-23T17:08:54.546] [DEBUG] cheese - null
[2022-02-23T17:09:36.978] [DEBUG] cheese - login => username:admin,password:123456
[2022-02-23T17:09:36.978] [DEBUG] cheese - admin
[2022-02-23T17:09:36.981] [DEBUG] cheese - null
[2022-02-23T17:09:36.981] [DEBUG] cheese - null
[2022-02-23T23:07:45.392] [DEBUG] cheese - login => username:admin,password:123456
[2022-02-23T23:07:45.393] [DEBUG] cheese - admin
[2022-02-23T23:07:45.401] [DEBUG] cheese - null
[2022-02-23T23:07:45.402] [DEBUG] cheese - null
